<?xml version="1.0" encoding="UTF-8"?>
<!-- Generated by org.testng.reporters.JUnitXMLReporter -->
<testsuite hostname="GLB-171-PC" ignored="0" name="demoxml" tests="3" failures="1" timestamp="03 Oct 2017 11:52:11 GMT" time="0.047" errors="0">
  <testcase name="loginApplication" time="0.011" classname="TestngTest.FirstTestngScript">
    <failure type="java.lang.AssertionError" message="expected [13] but found [12]">
      <![CDATA[java.lang.AssertionError: expected [13] but found [12]
	at TestngTest.FirstTestngScript.loginApplication(FirstTestngScript.java:14)
... Removed 31 stack frames]]>
    </failure>
  </testcase> <!-- loginApplication -->
  <testcase name="selectItems" time="0.002" classname="TestngTest.FirstTestngScript"/>
  <testcase name="checkOut" time="0.002" classname="TestngTest.FirstTestngScript"/>
</testsuite> <!-- demoxml -->
